Arguments: 
  /usr/local/bin/node /usr/local/bin/yarn start

PATH: 
  /usr/local/bin:/usr/bin:/bin:/usr/sbin:/sbin

Yarn version: 
  1.5.1

Node version: 
  8.9.1

Platform: 
  darwin x64

npm manifest: 
  {
    "name": "todos",
    "version": "0.0.1",
    "private": true,
    "devDependencies": {
      "enzyme": "^2.8.2",
      "react-addons-test-utils": "^15.5.1",
      "react-scripts": "^1.0.2"
    },
    "dependencies": {
      "prop-types": "^15.5.10",
      "react": "^15.5.0",
      "react-dom": "^15.5.0",
      "react-redux": "^5.0.5",
      "react-router-dom": "^4.2.2",
      "redux": "^3.5.2"
    },
    "scripts": {
      "start": "react-scripts start",
      "build": "react-scripts build",
      "eject": "react-scripts eject",
      "test": "react-scripts test"
    }
  }

yarn manifest: 
  No manifest

Lockfile: 
  No lockfile

Trace: 
  Error: Command failed.
  Exit code: 1
  Command: sh
  Arguments: -c react-scripts start
  Directory: /Users/Andrew/WebstormProjects/armondo
  Output:
  
      at ProcessTermError.MessageError (/usr/local/lib/node_modules/yarn/lib/cli.js:186:110)
      at new ProcessTermError (/usr/local/lib/node_modules/yarn/lib/cli.js:226:113)
      at ChildProcess.<anonymous> (/usr/local/lib/node_modules/yarn/lib/cli.js:30281:17)
      at emitTwo (events.js:126:13)
      at ChildProcess.emit (events.js:214:7)
      at maybeClose (internal/child_process.js:925:16)
      at Process.ChildProcess._handle.onexit (internal/child_process.js:209:5)
